<?xml version="1.0" encoding="UTF-8"?>
<testng-results ignored="0" total="1" passed="1" failed="0" skipped="0">
  <reporter-output>
  </reporter-output>
  <suite started-at="2021-11-02T20:20:39 IST" name="Default suite" finished-at="2021-11-02T20:21:01 IST" duration-ms="21702">
    <groups>
    </groups>
    <test started-at="2021-11-02T20:20:39 IST" name="Default test" finished-at="2021-11-02T20:21:01 IST" duration-ms="21702">
      <class name="com.demoTestcase.TestCase">
        <test-method is-config="true" signature="ConfigBfs()[pri:0, instance:com.demoTestcase.TestCase@272113c4]" started-at="2021-11-02T20:20:39 IST" name="ConfigBfs" finished-at="2021-11-02T20:20:39 IST" duration-ms="15" status="PASS">
          <reporter-output>
          </reporter-output>
        </test-method> <!-- ConfigBfs -->
        <test-method is-config="true" signature="ConfigBt()[pri:0, instance:com.demoTestcase.TestCase@272113c4]" started-at="2021-11-02T20:20:39 IST" name="ConfigBt" finished-at="2021-11-02T20:20:39 IST" duration-ms="2" status="PASS">
          <reporter-output>
          </reporter-output>
        </test-method> <!-- ConfigBt -->
        <test-method is-config="true" signature="ConfigBc()[pri:0, instance:com.demoTestcase.TestCase@272113c4]" started-at="2021-11-02T20:20:39 IST" name="ConfigBc" finished-at="2021-11-02T20:20:52 IST" duration-ms="12820" status="PASS">
          <reporter-output>
          </reporter-output>
        </test-method> <!-- ConfigBc -->
        <test-method is-config="true" signature="cofigBm()[pri:0, instance:com.demoTestcase.TestCase@272113c4]" started-at="2021-11-02T20:20:52 IST" name="cofigBm" finished-at="2021-11-02T20:20:53 IST" duration-ms="449" status="PASS">
          <reporter-output>
          </reporter-output>
        </test-method> <!-- cofigBm -->
        <test-method signature="demo1()[pri:0, instance:com.demoTestcase.TestCase@272113c4]" started-at="2021-11-02T20:20:53 IST" name="demo1" finished-at="2021-11-02T20:20:53 IST" duration-ms="8" status="PASS">
          <reporter-output>
          </reporter-output>
        </test-method> <!-- demo1 -->
        <test-method is-config="true" signature="cofigAm()[pri:0, instance:com.demoTestcase.TestCase@272113c4]" started-at="2021-11-02T20:20:53 IST" name="cofigAm" finished-at="2021-11-02T20:21:01 IST" duration-ms="8033" status="PASS">
          <reporter-output>
          </reporter-output>
        </test-method> <!-- cofigAm -->
        <test-method is-config="true" signature="ConfigAc()[pri:0, instance:com.demoTestcase.TestCase@272113c4]" started-at="2021-11-02T20:21:01 IST" name="ConfigAc" finished-at="2021-11-02T20:21:01 IST" duration-ms="318" status="PASS">
          <reporter-output>
          </reporter-output>
        </test-method> <!-- ConfigAc -->
        <test-method is-config="true" signature="ConfigAt()[pri:0, instance:com.demoTestcase.TestCase@272113c4]" started-at="2021-11-02T20:21:01 IST" name="ConfigAt" finished-at="2021-11-02T20:21:01 IST" duration-ms="0" status="PASS">
          <reporter-output>
          </reporter-output>
        </test-method> <!-- ConfigAt -->
        <test-method is-config="true" signature="ConfigAs()[pri:0, instance:com.demoTestcase.TestCase@272113c4]" started-at="2021-11-02T20:21:01 IST" name="ConfigAs" finished-at="2021-11-02T20:21:01 IST" duration-ms="1" status="PASS">
          <reporter-output>
          </reporter-output>
        </test-method> <!-- ConfigAs -->
      </class> <!-- com.demoTestcase.TestCase -->
    </test> <!-- Default test -->
  </suite> <!-- Default suite -->
</testng-results>
